[2020-01-31 13:19:03] merlin-logger.DEBUG: The welcome step has been displayed [] []
[2020-01-31 13:19:07] merlin-logger.DEBUG: The child theme installation step has been displayed [] []
[2020-01-31 13:19:09] merlin-logger.DEBUG: The newly generated child theme was activated [] []
[2020-01-31 13:19:14] merlin-logger.DEBUG: The license activation step has been displayed [] []
[2020-01-31 13:28:13] merlin-logger.DEBUG: The license activation was performed with the following results {"success":false,"message":"Envato purchase code is invalid, please contact support!"} []
[2020-01-31 13:28:32] merlin-logger.DEBUG: The license activation was performed with the following results {"success":false,"message":"Envato purchase code is invalid, please contact support!"} []
[2020-01-31 13:30:56] merlin-logger.DEBUG: The welcome step has been displayed [] []
[2020-02-21 17:53:46] merlin-logger.DEBUG: The welcome step has been displayed [] []
[2020-02-21 17:53:50] merlin-logger.DEBUG: The child theme installation step has been displayed [] []
[2020-02-21 17:53:53] merlin-logger.DEBUG: The license activation step has been displayed [] []
[2020-02-21 17:56:33] merlin-logger.DEBUG: The license activation was performed with the following results {"success":false,"message":"Envato purchase code is invalid, please contact support!"} []
[2020-02-21 17:56:51] merlin-logger.DEBUG: The license activation was performed with the following results {"success":false,"message":"Envato purchase code is invalid, please contact support!"} []
[2020-02-21 17:57:52] merlin-logger.DEBUG: The license activation was performed with the following results {"success":false,"message":"Envato purchase code is invalid, please contact support!"} []
[2020-02-21 17:58:38] merlin-logger.DEBUG: The plugin installation step has been displayed [] []
[2020-02-21 17:58:41] merlin-logger.DEBUG: A plugin with the following data will be processed {"plugin_slug":"reco-functions","message":"Updating"} []
[2020-02-21 17:58:45] merlin-logger.DEBUG: A plugin with the following data was processed {"plugin_slug":"reco-functions"} []
[2020-02-21 17:58:46] merlin-logger.DEBUG: A plugin with the following data will be processed {"plugin_slug":"contact-form-7","message":"Installing"} []
[2020-02-21 17:58:49] merlin-logger.DEBUG: A plugin with the following data was processed {"plugin_slug":"contact-form-7"} []
[2020-02-21 17:58:54] merlin-logger.DEBUG: The content import step has been displayed [] []
[2020-02-21 17:58:58] merlin-logger.DEBUG: The final step has been displayed [] []
